<?xml version="1.0" encoding="UTF-8"?>
<coverage generated="1781816015421" clover="3.2.0">
  <project timestamp="1781816015421" name="All files">
    <metrics statements="94" coveredstatements="94" conditionals="36" coveredconditionals="32" methods="18" coveredmethods="18" elements="148" coveredelements="144" complexity="0" loc="94" ncloc="94" packages="2" files="6" classes="6"/>
    <package name="data">
      <metrics statements="49" coveredstatements="49" conditionals="28" coveredconditionals="24" methods="13" coveredmethods="13"/>
      <file name="opponents.ts" path="/Users/manuelrodriguez/Desktop/mundialito/client/src/data/opponents.ts">
        <metrics statements="12" coveredstatements="12" conditionals="8" coveredconditionals="5" methods="6" coveredmethods="6"/>
        <line num="29" count="38" type="stmt"/>
        <line num="30" count="38" type="stmt"/>
        <line num="31" count="1123" type="stmt"/>
        <line num="32" count="115" type="cond" truecount="1" falsecount="1"/>
        <line num="34" count="38" type="stmt"/>
        <line num="39" count="418" type="stmt"/>
        <line num="44" count="38" type="stmt"/>
        <line num="45" count="418" type="stmt"/>
        <line num="51" count="38" type="cond" truecount="1" falsecount="1"/>
        <line num="53" count="38" type="stmt"/>
        <line num="73" count="1" type="stmt"/>
        <line num="776" count="1" type="stmt"/>
      </file>
      <file name="playerPool.ts" path="/Users/manuelrodriguez/Desktop/mundialito/client/src/data/playerPool.ts">
        <metrics statements="1" coveredstatements="1" conditionals="0" coveredconditionals="0" methods="0" coveredmethods="0"/>
        <line num="16" count="2" type="stmt"/>
      </file>
      <file name="players.ts" path="/Users/manuelrodriguez/Desktop/mundialito/client/src/data/players.ts">
        <metrics statements="35" coveredstatements="35" conditionals="20" coveredconditionals="19" methods="7" coveredmethods="7"/>
        <line num="6" count="2" type="stmt"/>
        <line num="15" count="1025" type="cond" truecount="2" falsecount="0"/>
        <line num="16" count="945" type="cond" truecount="2" falsecount="0"/>
        <line num="17" count="688" type="cond" truecount="2" falsecount="0"/>
        <line num="18" count="261" type="stmt"/>
        <line num="26" count="1025" type="cond" truecount="4" falsecount="0"/>
        <line num="27" count="333" type="stmt"/>
        <line num="28" count="314" type="stmt"/>
        <line num="29" count="274" type="stmt"/>
        <line num="30" count="104" type="stmt"/>
        <line num="39" count="104" type="stmt"/>
        <line num="47" count="1025" type="stmt"/>
        <line num="61" count="1025" type="cond" truecount="2" falsecount="0"/>
        <line num="62" count="1025" type="stmt"/>
        <line num="63" count="1025" type="cond" truecount="2" falsecount="0"/>
        <line num="68" count="1025" type="stmt"/>
        <line num="69" count="1025" type="stmt"/>
        <line num="70" count="1025" type="stmt"/>
        <line num="71" count="1025" type="stmt"/>
        <line num="72" count="1025" type="cond" truecount="2" falsecount="0"/>
        <line num="73" count="1025" type="stmt"/>
        <line num="75" count="1025" type="stmt"/>
        <line num="90" count="1025" type="cond" truecount="2" falsecount="0"/>
        <line num="91" count="104" type="stmt"/>
        <line num="94" count="1025" type="stmt"/>
        <line num="98" count="2" type="stmt"/>
        <line num="99" count="2" type="stmt"/>
        <line num="100" count="2" type="stmt"/>
        <line num="102" count="2" type="stmt"/>
        <line num="103" count="592" type="stmt"/>
        <line num="104" count="592" type="cond" truecount="1" falsecount="1"/>
        <line num="105" count="592" type="stmt"/>
        <line num="106" count="592" type="stmt"/>
        <line num="109" count="2" type="stmt"/>
        <line num="113" count="2" type="stmt"/>
      </file>
      <file name="tacticals.ts" path="/Users/manuelrodriguez/Desktop/mundialito/client/src/data/tacticals.ts">
        <metrics statements="1" coveredstatements="1" conditionals="0" coveredconditionals="0" methods="0" coveredmethods="0"/>
        <line num="15" count="2" type="stmt"/>
      </file>
    </package>
    <package name="engine">
      <metrics statements="45" coveredstatements="45" conditionals="8" coveredconditionals="8" methods="5" coveredmethods="5"/>
      <file name="constants.ts" path="/Users/manuelrodriguez/Desktop/mundialito/client/src/engine/constants.ts">
        <metrics statements="31" coveredstatements="31" conditionals="8" coveredconditionals="8" methods="2" coveredmethods="2"/>
        <line num="7" count="3" type="stmt"/>
        <line num="15" count="3" type="stmt"/>
        <line num="27" count="3" type="stmt"/>
        <line num="34" count="3" type="stmt"/>
        <line num="37" count="3" type="stmt"/>
        <line num="38" count="3" type="stmt"/>
        <line num="39" count="3" type="stmt"/>
        <line num="43" count="6" type="cond" truecount="4" falsecount="0"/>
        <line num="48" count="6" type="cond" truecount="4" falsecount="0"/>
        <line num="52" count="3" type="stmt"/>
        <line num="59" count="3" type="stmt"/>
        <line num="60" count="3" type="stmt"/>
        <line num="61" count="3" type="stmt"/>
        <line num="62" count="3" type="stmt"/>
        <line num="63" count="3" type="stmt"/>
        <line num="66" count="3" type="stmt"/>
        <line num="67" count="3" type="stmt"/>
        <line num="68" count="3" type="stmt"/>
        <line num="71" count="3" type="stmt"/>
        <line num="72" count="3" type="stmt"/>
        <line num="73" count="3" type="stmt"/>
        <line num="74" count="3" type="stmt"/>
        <line num="75" count="3" type="stmt"/>
        <line num="78" count="3" type="stmt"/>
        <line num="79" count="3" type="stmt"/>
        <line num="82" count="3" type="stmt"/>
        <line num="83" count="3" type="stmt"/>
        <line num="85" count="3" type="stmt"/>
        <line num="87" count="3" type="stmt"/>
        <line num="90" count="3" type="stmt"/>
        <line num="91" count="3" type="stmt"/>
      </file>
      <file name="rng.ts" path="/Users/manuelrodriguez/Desktop/mundialito/client/src/engine/rng.ts">
        <metrics statements="14" coveredstatements="14" conditionals="0" coveredconditionals="0" methods="3" coveredmethods="3"/>
        <line num="15" count="9" type="stmt"/>
        <line num="18" count="1086" type="stmt"/>
        <line num="19" count="1086" type="stmt"/>
        <line num="20" count="1086" type="stmt"/>
        <line num="21" count="1086" type="stmt"/>
        <line num="22" count="1086" type="stmt"/>
        <line num="26" count="4" type="stmt"/>
        <line num="27" count="4" type="stmt"/>
        <line num="28" count="26" type="stmt"/>
        <line num="29" count="26" type="stmt"/>
        <line num="30" count="26" type="stmt"/>
        <line num="31" count="26" type="stmt"/>
        <line num="33" count="4" type="stmt"/>
        <line num="36" count="9" type="stmt"/>
      </file>
    </package>
  </project>
</coverage>
