{"/Users/manuelrodriguez/Desktop/mundialito/client/src/data/opponents.ts": {"path":"/Users/manuelrodriguez/Desktop/mundialito/client/src/data/opponents.ts","statementMap":{"0":{"start":{"line":29,"column":33},"end":{"line":29,"column":null}},"1":{"start":{"line":30,"column":2},"end":{"line":33,"column":null}},"2":{"start":{"line":31,"column":18},"end":{"line":31,"column":null}},"3":{"start":{"line":31,"column":40},"end":{"line":31,"column":62}},"4":{"start":{"line":32,"column":4},"end":{"line":32,"column":null}},"5":{"start":{"line":32,"column":15},"end":{"line":32,"column":null}},"6":{"start":{"line":34,"column":2},"end":{"line":34,"column":null}},"7":{"start":{"line":39,"column":2},"end":{"line":39,"column":null}},"8":{"start":{"line":39,"column":45},"end":{"line":39,"column":62}},"9":{"start":{"line":44,"column":18},"end":{"line":44,"column":null}},"10":{"start":{"line":45,"column":16},"end":{"line":50,"column":null}},"11":{"start":{"line":45,"column":31},"end":{"line":49,"column":null}},"12":{"start":{"line":51,"column":28},"end":{"line":51,"column":null}},"13":{"start":{"line":53,"column":2},"end":{"line":65,"column":null}},"14":{"start":{"line":73,"column":42},"end":{"line":773,"column":null}},"15":{"start":{"line":776,"column":41},"end":{"line":776,"column":null}}},"fnMap":{"0":{"name":"resolveSignatureTacticals","decl":{"start":{"line":28,"column":9},"end":{"line":28,"column":35}},"loc":{"start":{"line":28,"column":80},"end":{"line":35,"column":null}},"line":28},"1":{"name":"(anonymous_1)","decl":{"start":{"line":31,"column":28},"end":{"line":31,"column":34}},"loc":{"start":{"line":31,"column":40},"end":{"line":31,"column":62}},"line":31},"2":{"name":"deriveStrength","decl":{"start":{"line":38,"column":9},"end":{"line":38,"column":24}},"loc":{"start":{"line":38,"column":69},"end":{"line":40,"column":null}},"line":38},"3":{"name":"(anonymous_3)","decl":{"start":{"line":39,"column":26},"end":{"line":39,"column":34}},"loc":{"start":{"line":39,"column":45},"end":{"line":39,"column":62}},"line":39},"4":{"name":"buildTeam","decl":{"start":{"line":43,"column":9},"end":{"line":43,"column":19}},"loc":{"start":{"line":43,"column":47},"end":{"line":66,"column":null}},"line":43},"5":{"name":"(anonymous_5)","decl":{"start":{"line":45,"column":26},"end":{"line":45,"column":31}},"loc":{"start":{"line":45,"column":31},"end":{"line":49,"column":null}},"line":45}},"branchMap":{"0":{"loc":{"start":{"line":32,"column":4},"end":{"line":32,"column":null}},"type":"if","locations":[{"start":{"line":32,"column":4},"end":{"line":32,"column":null}},{"start":{},"end":{}}],"line":32},"1":{"loc":{"start":{"line":51,"column":28},"end":{"line":51,"column":null}},"type":"cond-expr","locations":[{"start":{"line":51,"column":39},"end":{"line":51,"column":77}},{"start":{"line":51,"column":77},"end":{"line":51,"column":null}}],"line":51},"2":{"loc":{"start":{"line":64,"column":8},"end":{"line":64,"column":null}},"type":"cond-expr","locations":[{"start":{"line":64,"column":60},"end":{"line":64,"column":84}},{"start":{"line":64,"column":84},"end":{"line":64,"column":null}}],"line":64},"3":{"loc":{"start":{"line":64,"column":8},"end":{"line":64,"column":60}},"type":"binary-expr","locations":[{"start":{"line":64,"column":8},"end":{"line":64,"column":29}},{"start":{"line":64,"column":29},"end":{"line":64,"column":60}}],"line":64}},"s":{"0":38,"1":38,"2":115,"3":1123,"4":115,"5":115,"6":38,"7":38,"8":418,"9":38,"10":38,"11":418,"12":38,"13":38,"14":1,"15":1},"f":{"0":38,"1":1123,"2":38,"3":418,"4":38,"5":418},"b":{"0":[115,0],"1":[38,0],"2":[38,0],"3":[38,38]},"meta":{"lastBranch":4,"lastFunction":6,"lastStatement":16,"seen":{"f:28:9:28:35":0,"s:29:33:29:Infinity":0,"s:30:2:33:Infinity":1,"s:31:18:31:Infinity":2,"f:31:28:31:34":1,"s:31:40:31:62":3,"b:32:4:32:Infinity:undefined:undefined:undefined:undefined":0,"s:32:4:32:Infinity":4,"s:32:15:32:Infinity":5,"s:34:2:34:Infinity":6,"f:38:9:38:24":2,"s:39:2:39:Infinity":7,"f:39:26:39:34":3,"s:39:45:39:62":8,"f:43:9:43:19":4,"s:44:18:44:Infinity":9,"s:45:16:50:Infinity":10,"f:45:26:45:31":5,"s:45:31:49:Infinity":11,"s:51:28:51:Infinity":12,"b:51:39:51:77:51:77:51:Infinity":1,"s:53:2:65:Infinity":13,"b:64:60:64:84:64:84:64:Infinity":2,"b:64:8:64:29:64:29:64:60":3,"s:73:42:773:Infinity":14,"s:776:41:776:Infinity":15},"fnNames":{}}}
,"/Users/manuelrodriguez/Desktop/mundialito/client/src/data/playerPool.ts": {"path":"/Users/manuelrodriguez/Desktop/mundialito/client/src/data/playerPool.ts","statementMap":{"0":{"start":{"line":16,"column":44},"end":{"line":318,"column":null}}},"fnMap":{},"branchMap":{},"s":{"0":2},"f":{},"b":{},"meta":{"lastBranch":0,"lastFunction":0,"lastStatement":1,"seen":{"s:16:44:318:Infinity":0},"fnNames":{}}}
,"/Users/manuelrodriguez/Desktop/mundialito/client/src/data/players.ts": {"path":"/Users/manuelrodriguez/Desktop/mundialito/client/src/data/players.ts","statementMap":{"0":{"start":{"line":6,"column":48},"end":{"line":11,"column":null}},"1":{"start":{"line":15,"column":2},"end":{"line":15,"column":null}},"2":{"start":{"line":15,"column":21},"end":{"line":15,"column":null}},"3":{"start":{"line":16,"column":2},"end":{"line":16,"column":null}},"4":{"start":{"line":16,"column":21},"end":{"line":16,"column":null}},"5":{"start":{"line":17,"column":2},"end":{"line":17,"column":null}},"6":{"start":{"line":17,"column":21},"end":{"line":17,"column":null}},"7":{"start":{"line":18,"column":2},"end":{"line":18,"column":null}},"8":{"start":{"line":26,"column":2},"end":{"line":31,"column":null}},"9":{"start":{"line":27,"column":16},"end":{"line":27,"column":null}},"10":{"start":{"line":28,"column":16},"end":{"line":28,"column":null}},"11":{"start":{"line":29,"column":16},"end":{"line":29,"column":null}},"12":{"start":{"line":30,"column":16},"end":{"line":30,"column":null}},"13":{"start":{"line":39,"column":2},"end":{"line":39,"column":null}},"14":{"start":{"line":47,"column":2},"end":{"line":55,"column":null}},"15":{"start":{"line":61,"column":16},"end":{"line":61,"column":null}},"16":{"start":{"line":62,"column":2},"end":{"line":62,"column":null}},"17":{"start":{"line":63,"column":2},"end":{"line":63,"column":null}},"18":{"start":{"line":68,"column":56},"end":{"line":68,"column":null}},"19":{"start":{"line":69,"column":17},"end":{"line":69,"column":null}},"20":{"start":{"line":70,"column":21},"end":{"line":70,"column":null}},"21":{"start":{"line":71,"column":15},"end":{"line":71,"column":null}},"22":{"start":{"line":72,"column":16},"end":{"line":72,"column":null}},"23":{"start":{"line":73,"column":13},"end":{"line":73,"column":null}},"24":{"start":{"line":75,"column":27},"end":{"line":88,"column":null}},"25":{"start":{"line":90,"column":2},"end":{"line":92,"column":null}},"26":{"start":{"line":91,"column":4},"end":{"line":91,"column":null}},"27":{"start":{"line":94,"column":2},"end":{"line":94,"column":null}},"28":{"start":{"line":98,"column":15},"end":{"line":98,"column":null}},"29":{"start":{"line":99,"column":16},"end":{"line":99,"column":null}},"30":{"start":{"line":100,"column":31},"end":{"line":100,"column":null}},"31":{"start":{"line":102,"column":2},"end":{"line":107,"column":null}},"32":{"start":{"line":103,"column":21},"end":{"line":103,"column":null}},"33":{"start":{"line":104,"column":4},"end":{"line":104,"column":null}},"34":{"start":{"line":104,"column":28},"end":{"line":104,"column":null}},"35":{"start":{"line":105,"column":4},"end":{"line":105,"column":null}},"36":{"start":{"line":106,"column":4},"end":{"line":106,"column":null}},"37":{"start":{"line":109,"column":2},"end":{"line":109,"column":null}},"38":{"start":{"line":113,"column":37},"end":{"line":113,"column":null}}},"fnMap":{"0":{"name":"deriveRarity","decl":{"start":{"line":14,"column":9},"end":{"line":14,"column":22}},"loc":{"start":{"line":14,"column":47},"end":{"line":19,"column":null}},"line":14},"1":{"name":"deriveStats","decl":{"start":{"line":25,"column":9},"end":{"line":25,"column":21}},"loc":{"start":{"line":25,"column":92},"end":{"line":32,"column":null}},"line":25},"2":{"name":"deriveSaveBonus","decl":{"start":{"line":38,"column":9},"end":{"line":38,"column":25}},"loc":{"start":{"line":38,"column":50},"end":{"line":40,"column":null}},"line":38},"3":{"name":"slugify","decl":{"start":{"line":46,"column":9},"end":{"line":46,"column":17}},"loc":{"start":{"line":46,"column":57},"end":{"line":57,"column":null}},"line":46},"4":{"name":"resolveId","decl":{"start":{"line":60,"column":9},"end":{"line":60,"column":19}},"loc":{"start":{"line":60,"column":68},"end":{"line":64,"column":null}},"line":60},"5":{"name":"toPlayerCard","decl":{"start":{"line":67,"column":16},"end":{"line":67,"column":29}},"loc":{"start":{"line":67,"column":94},"end":{"line":95,"column":null}},"line":67},"6":{"name":"buildPlayers","decl":{"start":{"line":97,"column":9},"end":{"line":97,"column":38}},"loc":{"start":{"line":97,"column":38},"end":{"line":110,"column":null}},"line":97}},"branchMap":{"0":{"loc":{"start":{"line":15,"column":2},"end":{"line":15,"column":null}},"type":"if","locations":[{"start":{"line":15,"column":2},"end":{"line":15,"column":null}},{"start":{},"end":{}}],"line":15},"1":{"loc":{"start":{"line":16,"column":2},"end":{"line":16,"column":null}},"type":"if","locations":[{"start":{"line":16,"column":2},"end":{"line":16,"column":null}},{"start":{},"end":{}}],"line":16},"2":{"loc":{"start":{"line":17,"column":2},"end":{"line":17,"column":null}},"type":"if","locations":[{"start":{"line":17,"column":2},"end":{"line":17,"column":null}},{"start":{},"end":{}}],"line":17},"3":{"loc":{"start":{"line":26,"column":2},"end":{"line":31,"column":null}},"type":"switch","locations":[{"start":{"line":27,"column":4},"end":{"line":27,"column":null}},{"start":{"line":28,"column":4},"end":{"line":28,"column":null}},{"start":{"line":29,"column":4},"end":{"line":29,"column":null}},{"start":{"line":30,"column":4},"end":{"line":30,"column":null}}],"line":26},"4":{"loc":{"start":{"line":61,"column":16},"end":{"line":61,"column":null}},"type":"binary-expr","locations":[{"start":{"line":61,"column":16},"end":{"line":61,"column":34}},{"start":{"line":61,"column":34},"end":{"line":61,"column":null}}],"line":61},"5":{"loc":{"start":{"line":63,"column":9},"end":{"line":63,"column":null}},"type":"cond-expr","locations":[{"start":{"line":63,"column":23},"end":{"line":63,"column":30}},{"start":{"line":63,"column":30},"end":{"line":63,"column":null}}],"line":63},"6":{"loc":{"start":{"line":72,"column":16},"end":{"line":72,"column":null}},"type":"binary-expr","locations":[{"start":{"line":72,"column":16},"end":{"line":72,"column":27}},{"start":{"line":72,"column":27},"end":{"line":72,"column":null}}],"line":72},"7":{"loc":{"start":{"line":90,"column":2},"end":{"line":92,"column":null}},"type":"if","locations":[{"start":{"line":90,"column":2},"end":{"line":92,"column":null}},{"start":{},"end":{}}],"line":90},"8":{"loc":{"start":{"line":104,"column":4},"end":{"line":104,"column":null}},"type":"if","locations":[{"start":{"line":104,"column":4},"end":{"line":104,"column":null}},{"start":{},"end":{}}],"line":104}},"s":{"0":2,"1":1025,"2":80,"3":945,"4":257,"5":688,"6":427,"7":261,"8":1025,"9":333,"10":314,"11":274,"12":104,"13":104,"14":1025,"15":1025,"16":1025,"17":1025,"18":1025,"19":1025,"20":1025,"21":1025,"22":1025,"23":1025,"24":1025,"25":1025,"26":104,"27":1025,"28":2,"29":2,"30":2,"31":2,"32":592,"33":592,"34":0,"35":592,"36":592,"37":2,"38":2},"f":{"0":1025,"1":1025,"2":104,"3":1025,"4":1025,"5":1025,"6":2},"b":{"0":[80,945],"1":[257,688],"2":[427,261],"3":[333,314,274,104],"4":[1025,1024],"5":[1024,1],"6":[1025,15],"7":[104,921],"8":[0,592]},"meta":{"lastBranch":9,"lastFunction":7,"lastStatement":39,"seen":{"s:6:48:11:Infinity":0,"f:14:9:14:22":0,"b:15:2:15:Infinity:undefined:undefined:undefined:undefined":0,"s:15:2:15:Infinity":1,"s:15:21:15:Infinity":2,"b:16:2:16:Infinity:undefined:undefined:undefined:undefined":1,"s:16:2:16:Infinity":3,"s:16:21:16:Infinity":4,"b:17:2:17:Infinity:undefined:undefined:undefined:undefined":2,"s:17:2:17:Infinity":5,"s:17:21:17:Infinity":6,"s:18:2:18:Infinity":7,"f:25:9:25:21":1,"b:27:4:27:Infinity:28:4:28:Infinity:29:4:29:Infinity:30:4:30:Infinity":3,"s:26:2:31:Infinity":8,"s:27:16:27:Infinity":9,"s:28:16:28:Infinity":10,"s:29:16:29:Infinity":11,"s:30:16:30:Infinity":12,"f:38:9:38:25":2,"s:39:2:39:Infinity":13,"f:46:9:46:17":3,"s:47:2:55:Infinity":14,"f:60:9:60:19":4,"s:61:16:61:Infinity":15,"b:61:16:61:34:61:34:61:Infinity":4,"s:62:2:62:Infinity":16,"s:63:2:63:Infinity":17,"b:63:23:63:30:63:30:63:Infinity":5,"f:67:16:67:29":5,"s:68:56:68:Infinity":18,"s:69:17:69:Infinity":19,"s:70:21:70:Infinity":20,"s:71:15:71:Infinity":21,"s:72:16:72:Infinity":22,"b:72:16:72:27:72:27:72:Infinity":6,"s:73:13:73:Infinity":23,"s:75:27:88:Infinity":24,"b:90:2:92:Infinity:undefined:undefined:undefined:undefined":7,"s:90:2:92:Infinity":25,"s:91:4:91:Infinity":26,"s:94:2:94:Infinity":27,"f:97:9:97:38":6,"s:98:15:98:Infinity":28,"s:99:16:99:Infinity":29,"s:100:31:100:Infinity":30,"s:102:2:107:Infinity":31,"s:103:21:103:Infinity":32,"b:104:4:104:Infinity:undefined:undefined:undefined:undefined":8,"s:104:4:104:Infinity":33,"s:104:28:104:Infinity":34,"s:105:4:105:Infinity":35,"s:106:4:106:Infinity":36,"s:109:2:109:Infinity":37,"s:113:37:113:Infinity":38},"fnNames":{}}}
,"/Users/manuelrodriguez/Desktop/mundialito/client/src/data/tacticals.ts": {"path":"/Users/manuelrodriguez/Desktop/mundialito/client/src/data/tacticals.ts","statementMap":{"0":{"start":{"line":15,"column":41},"end":{"line":217,"column":null}}},"fnMap":{},"branchMap":{},"s":{"0":2},"f":{},"b":{},"meta":{"lastBranch":0,"lastFunction":0,"lastStatement":1,"seen":{"s:15:41:217:Infinity":0},"fnNames":{}}}
,"/Users/manuelrodriguez/Desktop/mundialito/client/src/engine/constants.ts": {"path":"/Users/manuelrodriguez/Desktop/mundialito/client/src/engine/constants.ts","statementMap":{"0":{"start":{"line":7,"column":51},"end":{"line":12,"column":null}},"1":{"start":{"line":15,"column":54},"end":{"line":20,"column":null}},"2":{"start":{"line":27,"column":29},"end":{"line":27,"column":null}},"3":{"start":{"line":34,"column":37},"end":{"line":34,"column":null}},"4":{"start":{"line":37,"column":24},"end":{"line":37,"column":null}},"5":{"start":{"line":38,"column":24},"end":{"line":38,"column":null}},"6":{"start":{"line":39,"column":22},"end":{"line":39,"column":null}},"7":{"start":{"line":43,"column":2},"end":{"line":43,"column":null}},"8":{"start":{"line":48,"column":2},"end":{"line":48,"column":null}},"9":{"start":{"line":52,"column":83},"end":{"line":56,"column":null}},"10":{"start":{"line":59,"column":26},"end":{"line":59,"column":null}},"11":{"start":{"line":60,"column":25},"end":{"line":60,"column":null}},"12":{"start":{"line":61,"column":30},"end":{"line":61,"column":null}},"13":{"start":{"line":62,"column":28},"end":{"line":62,"column":null}},"14":{"start":{"line":63,"column":26},"end":{"line":63,"column":null}},"15":{"start":{"line":66,"column":25},"end":{"line":66,"column":null}},"16":{"start":{"line":67,"column":34},"end":{"line":67,"column":null}},"17":{"start":{"line":68,"column":37},"end":{"line":68,"column":null}},"18":{"start":{"line":71,"column":30},"end":{"line":71,"column":null}},"19":{"start":{"line":72,"column":30},"end":{"line":72,"column":null}},"20":{"start":{"line":73,"column":32},"end":{"line":73,"column":null}},"21":{"start":{"line":74,"column":34},"end":{"line":74,"column":null}},"22":{"start":{"line":75,"column":38},"end":{"line":75,"column":null}},"23":{"start":{"line":78,"column":33},"end":{"line":78,"column":null}},"24":{"start":{"line":79,"column":33},"end":{"line":79,"column":null}},"25":{"start":{"line":82,"column":27},"end":{"line":82,"column":null}},"26":{"start":{"line":83,"column":27},"end":{"line":83,"column":null}},"27":{"start":{"line":85,"column":28},"end":{"line":85,"column":null}},"28":{"start":{"line":87,"column":28},"end":{"line":87,"column":null}},"29":{"start":{"line":90,"column":33},"end":{"line":90,"column":null}},"30":{"start":{"line":91,"column":27},"end":{"line":91,"column":null}}},"fnMap":{"0":{"name":"STAMINA","decl":{"start":{"line":42,"column":16},"end":{"line":42,"column":24}},"loc":{"start":{"line":42,"column":47},"end":{"line":44,"column":null}},"line":42},"1":{"name":"CARD_CAP","decl":{"start":{"line":47,"column":16},"end":{"line":47,"column":25}},"loc":{"start":{"line":47,"column":48},"end":{"line":49,"column":null}},"line":47}},"branchMap":{"0":{"loc":{"start":{"line":43,"column":9},"end":{"line":43,"column":null}},"type":"cond-expr","locations":[{"start":{"line":43,"column":22},"end":{"line":43,"column":26}},{"start":{"line":43,"column":26},"end":{"line":43,"column":null}}],"line":43},"1":{"loc":{"start":{"line":43,"column":26},"end":{"line":43,"column":null}},"type":"cond-expr","locations":[{"start":{"line":43,"column":39},"end":{"line":43,"column":44}},{"start":{"line":43,"column":44},"end":{"line":43,"column":null}}],"line":43},"2":{"loc":{"start":{"line":48,"column":9},"end":{"line":48,"column":null}},"type":"cond-expr","locations":[{"start":{"line":48,"column":22},"end":{"line":48,"column":26}},{"start":{"line":48,"column":26},"end":{"line":48,"column":null}}],"line":48},"3":{"loc":{"start":{"line":48,"column":26},"end":{"line":48,"column":null}},"type":"cond-expr","locations":[{"start":{"line":48,"column":39},"end":{"line":48,"column":43}},{"start":{"line":48,"column":43},"end":{"line":48,"column":null}}],"line":48}},"s":{"0":3,"1":3,"2":3,"3":3,"4":3,"5":3,"6":3,"7":6,"8":6,"9":3,"10":3,"11":3,"12":3,"13":3,"14":3,"15":3,"16":3,"17":3,"18":3,"19":3,"20":3,"21":3,"22":3,"23":3,"24":3,"25":3,"26":3,"27":3,"28":3,"29":3,"30":3},"f":{"0":6,"1":6},"b":{"0":[2,4],"1":[2,2],"2":[2,4],"3":[2,2]},"meta":{"lastBranch":4,"lastFunction":2,"lastStatement":31,"seen":{"s:7:51:12:Infinity":0,"s:15:54:20:Infinity":1,"s:27:29:27:Infinity":2,"s:34:37:34:Infinity":3,"s:37:24:37:Infinity":4,"s:38:24:38:Infinity":5,"s:39:22:39:Infinity":6,"f:42:16:42:24":0,"s:43:2:43:Infinity":7,"b:43:22:43:26:43:26:43:Infinity":0,"b:43:39:43:44:43:44:43:Infinity":1,"f:47:16:47:25":1,"s:48:2:48:Infinity":8,"b:48:22:48:26:48:26:48:Infinity":2,"b:48:39:48:43:48:43:48:Infinity":3,"s:52:83:56:Infinity":9,"s:59:26:59:Infinity":10,"s:60:25:60:Infinity":11,"s:61:30:61:Infinity":12,"s:62:28:62:Infinity":13,"s:63:26:63:Infinity":14,"s:66:25:66:Infinity":15,"s:67:34:67:Infinity":16,"s:68:37:68:Infinity":17,"s:71:30:71:Infinity":18,"s:72:30:72:Infinity":19,"s:73:32:73:Infinity":20,"s:74:34:74:Infinity":21,"s:75:38:75:Infinity":22,"s:78:33:78:Infinity":23,"s:79:33:79:Infinity":24,"s:82:27:82:Infinity":25,"s:83:27:83:Infinity":26,"s:85:28:85:Infinity":27,"s:87:28:87:Infinity":28,"s:90:33:90:Infinity":29,"s:91:27:91:Infinity":30},"fnNames":{}}}
,"/Users/manuelrodriguez/Desktop/mundialito/client/src/engine/rng.ts": {"path":"/Users/manuelrodriguez/Desktop/mundialito/client/src/engine/rng.ts","statementMap":{"0":{"start":{"line":15,"column":10},"end":{"line":15,"column":null}},"1":{"start":{"line":18,"column":4},"end":{"line":18,"column":null}},"2":{"start":{"line":19,"column":12},"end":{"line":19,"column":null}},"3":{"start":{"line":20,"column":4},"end":{"line":20,"column":null}},"4":{"start":{"line":21,"column":4},"end":{"line":21,"column":null}},"5":{"start":{"line":22,"column":4},"end":{"line":22,"column":null}},"6":{"start":{"line":26,"column":14},"end":{"line":26,"column":null}},"7":{"start":{"line":27,"column":4},"end":{"line":32,"column":null}},"8":{"start":{"line":27,"column":17},"end":{"line":27,"column":31}},"9":{"start":{"line":28,"column":16},"end":{"line":28,"column":null}},"10":{"start":{"line":29,"column":18},"end":{"line":29,"column":null}},"11":{"start":{"line":30,"column":6},"end":{"line":30,"column":null}},"12":{"start":{"line":31,"column":6},"end":{"line":31,"column":null}},"13":{"start":{"line":33,"column":4},"end":{"line":33,"column":null}},"14":{"start":{"line":36,"column":2},"end":{"line":36,"column":null}}},"fnMap":{"0":{"name":"makeRng","decl":{"start":{"line":14,"column":16},"end":{"line":14,"column":24}},"loc":{"start":{"line":14,"column":43},"end":{"line":37,"column":null}},"line":14},"1":{"name":"next","decl":{"start":{"line":17,"column":11},"end":{"line":17,"column":26}},"loc":{"start":{"line":17,"column":26},"end":{"line":23,"column":null}},"line":17},"2":{"name":"shuffle","decl":{"start":{"line":25,"column":11},"end":{"line":25,"column":22}},"loc":{"start":{"line":25,"column":46},"end":{"line":34,"column":null}},"line":25}},"branchMap":{},"s":{"0":9,"1":1086,"2":1086,"3":1086,"4":1086,"5":1086,"6":4,"7":4,"8":4,"9":26,"10":26,"11":26,"12":26,"13":4,"14":9},"f":{"0":9,"1":1086,"2":4},"b":{},"meta":{"lastBranch":0,"lastFunction":3,"lastStatement":15,"seen":{"f:14:16:14:24":0,"s:15:10:15:Infinity":0,"f:17:11:17:26":1,"s:18:4:18:Infinity":1,"s:19:12:19:Infinity":2,"s:20:4:20:Infinity":3,"s:21:4:21:Infinity":4,"s:22:4:22:Infinity":5,"f:25:11:25:22":2,"s:26:14:26:Infinity":6,"s:27:4:32:Infinity":7,"s:27:17:27:31":8,"s:28:16:28:Infinity":9,"s:29:18:29:Infinity":10,"s:30:6:30:Infinity":11,"s:31:6:31:Infinity":12,"s:33:4:33:Infinity":13,"s:36:2:36:Infinity":14},"fnNames":{}}}
}
